Copyright 1986-2020 Xilinx, Inc. All Rights Reserved.
-----------------------------------------------------------------------------------------------------------------------------------------------------
| Tool Version : Vivado v.2020.1 (win64) Build 2902540 Wed May 27 19:54:49 MDT 2020
| Date         : Mon Dec 14 23:05:59 2020
| Host         : LAPTOP-T8R0K6LE running 64-bit major release  (build 9200)
| Command      : report_methodology -file siren_methodology_drc_routed.rpt -pb siren_methodology_drc_routed.pb -rpx siren_methodology_drc_routed.rpx
| Design       : siren
| Device       : xc7a100tcsg324-1
| Speed File   : -1
| Design State : Fully Routed
-----------------------------------------------------------------------------------------------------------------------------------------------------

Report Methodology

Table of Contents
-----------------
1. REPORT SUMMARY
2. REPORT DETAILS

1. REPORT SUMMARY
-----------------
            Netlist: netlist
          Floorplan: design_1
      Design limits: <entire design considered>
             Max violations: <unlimited>
             Violations found: 3
+-----------+----------+-------------------------------+------------+
| Rule      | Severity | Description                   | Violations |
+-----------+----------+-------------------------------+------------+
| TIMING-18 | Warning  | Missing input or output delay | 3          |
+-----------+----------+-------------------------------+------------+

2. REPORT DETAILS
-----------------
TIMING-18#1 Warning
Missing input or output delay  
An output delay is missing on dac_LRCK relative to clock(s) clk_50MHz
Related violations: <none>

TIMING-18#2 Warning
Missing input or output delay  
An output delay is missing on dac_MCLK relative to clock(s) clk_50MHz
Related violations: <none>

TIMING-18#3 Warning
Missing input or output delay  
An output delay is missing on dac_SCLK relative to clock(s) clk_50MHz
Related violations: <none>


